2023-02-27 11:33:02 INFO  Main:36 - saved data reading
2023-02-27 11:33:02 INFO  Main:41 - application start
2023-02-27 11:33:03 INFO  Controller:74 - Main controller initializing
2023-02-27 11:33:06 INFO  NewEditController:91 - new/edit window initializing
2023-02-27 11:33:29 INFO  NewEditController:91 - new/edit window initializing
2023-02-27 11:34:25 INFO  TaskInfoController:25 - task info window initializing
2023-02-27 11:34:25 ERROR Controller:127 - error loading task-info.fxml
2023-02-27 11:34:27 INFO  TaskInfoController:25 - task info window initializing
2024-02-04 20:47:47 INFO  Main:35 - saved data reading
2024-02-04 20:47:47 INFO  Main:40 - application start
2024-02-04 20:47:48 INFO  Controller:74 - Main controller initializing
2024-02-04 20:47:54 INFO  NewEditController:89 - new/edit window initializing
2024-02-04 20:48:29 INFO  NewEditController:89 - new/edit window initializing
2024-02-04 20:49:05 INFO  NewEditController:89 - new/edit window initializing
2024-02-04 20:49:55 INFO  NewEditController:89 - new/edit window initializing
2024-02-04 20:50:19 INFO  NewEditController:89 - new/edit window initializing
2024-02-04 20:50:29 INFO  NewEditController:89 - new/edit window initializing
2024-02-04 20:50:43 INFO  NewEditController:89 - new/edit window initializing
2024-02-04 20:50:48 INFO  NewEditController:89 - new/edit window initializing
2024-02-04 20:51:01 INFO  TaskInfoController:24 - task info window initializing
2024-02-04 20:51:01 ERROR Controller:127 - error loading task-info.fxml
2024-02-04 20:51:03 INFO  TaskInfoController:24 - task info window initializing
2024-02-05 11:47:15 INFO  Main:35 - saved data reading
2024-02-05 11:47:15 INFO  Main:40 - application start
2024-02-05 11:47:17 INFO  Controller:74 - Main controller initializing
2024-02-05 11:48:28 INFO  TaskInfoController:24 - task info window initializing
2024-03-09 13:49:15 INFO  Main:35 - saved data reading
2024-03-09 13:49:15 INFO  Main:40 - application start
2024-03-09 13:49:16 INFO  Controller:74 - Main controller initializing
2024-03-09 13:49:57 INFO  NewEditController:89 - new/edit window initializing
2024-03-09 16:53:46 INFO  Main:35 - saved data reading
2024-03-09 16:53:46 INFO  Main:40 - application start
2024-03-09 16:53:46 INFO  Controller:74 - Main controller initializing
2024-03-09 16:53:59 INFO  NewEditController:89 - new/edit window initializing
2024-03-09 16:54:06 INFO  NewEditController:89 - new/edit window initializing
2024-03-09 16:54:25 INFO  NewEditController:89 - new/edit window initializing
2024-03-09 16:54:42 INFO  TaskInfoController:24 - task info window initializing
2024-03-09 17:02:15 INFO  Main:35 - saved data reading
2024-03-09 17:02:15 INFO  Main:40 - application start
2024-03-09 17:02:15 INFO  Controller:74 - Main controller initializing
2024-03-09 17:02:18 INFO  NewEditController:89 - new/edit window initializing
2024-03-09 17:02:18 ERROR Controller:104 - Error loading new-edit-task.fxml
2024-03-09 17:02:26 INFO  NewEditController:89 - new/edit window initializing
2024-03-09 17:02:26 ERROR Controller:104 - Error loading new-edit-task.fxml
2024-03-09 17:02:26 INFO  NewEditController:89 - new/edit window initializing
2024-03-09 17:02:26 ERROR Controller:104 - Error loading new-edit-task.fxml
2024-03-09 17:02:26 INFO  NewEditController:89 - new/edit window initializing
2024-03-09 17:02:26 ERROR Controller:104 - Error loading new-edit-task.fxml
2024-03-09 17:02:26 INFO  NewEditController:89 - new/edit window initializing
2024-03-09 17:02:26 ERROR Controller:104 - Error loading new-edit-task.fxml
2024-03-09 17:02:37 INFO  NewEditController:89 - new/edit window initializing
2024-03-09 17:02:43 INFO  NewEditController:89 - new/edit window initializing
2024-03-09 17:03:17 INFO  TaskInfoController:24 - task info window initializing
2024-03-09 17:07:05 INFO  NewEditController:89 - new/edit window initializing
2024-03-09 17:07:38 INFO  TaskInfoController:24 - task info window initializing
2024-03-09 17:25:14 INFO  NewEditController:89 - new/edit window initializing
2024-03-09 17:25:14 ERROR Controller:104 - Error loading new-edit-task.fxml
2024-03-09 17:25:15 INFO  NewEditController:89 - new/edit window initializing
2024-03-09 17:25:15 ERROR Controller:104 - Error loading new-edit-task.fxml
2024-03-09 17:25:15 INFO  NewEditController:89 - new/edit window initializing
2024-03-09 17:25:15 ERROR Controller:104 - Error loading new-edit-task.fxml
2024-03-09 17:25:15 INFO  NewEditController:89 - new/edit window initializing
2024-03-09 17:25:15 ERROR Controller:104 - Error loading new-edit-task.fxml
2024-03-09 17:25:15 INFO  NewEditController:89 - new/edit window initializing
2024-03-09 17:25:15 ERROR Controller:104 - Error loading new-edit-task.fxml
2024-03-09 17:27:01 INFO  Main:35 - saved data reading
2024-03-09 17:27:01 INFO  Main:40 - application start
2024-03-09 17:27:01 INFO  Controller:74 - Main controller initializing
2024-03-09 17:28:26 INFO  Main:35 - saved data reading
2024-03-09 17:28:26 INFO  Main:40 - application start
2024-03-09 17:28:27 INFO  Controller:74 - Main controller initializing
2024-03-09 17:29:29 INFO  Main:35 - saved data reading
2024-03-09 17:29:29 INFO  Main:40 - application start
2024-03-09 17:29:29 INFO  Controller:74 - Main controller initializing
2024-03-09 18:06:18 INFO  Main:35 - saved data reading
2024-03-09 18:06:18 INFO  Main:40 - application start
2024-03-09 18:06:18 INFO  Controller:74 - Main controller initializing
2024-03-09 18:06:24 INFO  TaskInfoController:24 - task info window initializing
2024-03-09 18:06:39 INFO  TaskInfoController:24 - task info window initializing
2024-03-09 18:06:49 INFO  TaskInfoController:24 - task info window initializing
2024-03-09 18:08:38 INFO  Main:35 - saved data reading
2024-03-09 18:08:38 INFO  Main:40 - application start
2024-03-09 18:08:38 INFO  Controller:74 - Main controller initializing
2024-03-09 18:08:58 INFO  Main:35 - saved data reading
2024-03-09 18:08:58 INFO  Main:40 - application start
2024-03-09 18:08:58 INFO  Controller:74 - Main controller initializing
2024-03-09 18:09:04 INFO  TaskInfoController:24 - task info window initializing
2024-03-09 18:09:04 ERROR Controller:127 - error loading task-info.fxml
2024-03-09 18:09:14 INFO  TaskInfoController:24 - task info window initializing
2024-03-09 18:09:14 ERROR Controller:127 - error loading task-info.fxml
2024-03-09 18:09:16 INFO  TaskInfoController:24 - task info window initializing
2024-03-09 18:09:16 ERROR Controller:127 - error loading task-info.fxml
2024-03-09 18:09:16 INFO  TaskInfoController:24 - task info window initializing
2024-03-09 18:09:16 ERROR Controller:127 - error loading task-info.fxml
2024-03-09 18:09:17 INFO  TaskInfoController:24 - task info window initializing
2024-03-09 18:09:17 ERROR Controller:127 - error loading task-info.fxml
2024-03-09 18:09:17 INFO  TaskInfoController:24 - task info window initializing
2024-03-09 18:09:17 ERROR Controller:127 - error loading task-info.fxml
2024-03-09 18:09:17 INFO  TaskInfoController:24 - task info window initializing
2024-03-09 18:09:17 ERROR Controller:127 - error loading task-info.fxml
2024-03-09 18:09:34 INFO  Main:35 - saved data reading
2024-03-09 18:09:34 INFO  Main:40 - application start
2024-03-09 18:09:34 INFO  Controller:74 - Main controller initializing
2024-03-09 18:10:01 INFO  TaskInfoController:24 - task info window initializing
2024-03-09 18:10:06 INFO  TaskInfoController:24 - task info window initializing
